[ 53281.594] 
X.Org X Server 1.21.1.15
X Protocol Version 11, Revision 0
[ 53281.594] Current Operating System: Linux archvmdwm 6.6.70-1-lts #1 SMP PREEMPT_DYNAMIC Thu, 09 Jan 2025 13:22:24 +0000 x86_64
[ 53281.594] Kernel command line: BOOT_IMAGE=/boot/vmlinuz-linux-lts root=/dev/mapper/vg1-root--lv rw loglevel=3 quiet
[ 53281.594]  
[ 53281.594] Current version of pixman: 0.44.2
[ 53281.594] 	Before reporting problems, check http://wiki.x.org
	to make sure that you have the latest version.
[ 53281.594] Markers: (--) probed, (**) from config file, (==) default setting,
	(++) from command line, (!!) notice, (II) informational,
	(WW) warning, (EE) error, (NI) not implemented, (??) unknown.
[ 53281.594] (==) Log file: "/home/nka700/.local/share/xorg/Xorg.0.log", Time: Fri Jan 24 01:16:06 2025
[ 53281.595] (==) Using system config directory "/usr/share/X11/xorg.conf.d"
[ 53281.595] (==) No Layout section.  Using the first Screen section.
[ 53281.595] (==) No screen section available. Using defaults.
[ 53281.595] (**) |-->Screen "Default Screen Section" (0)
[ 53281.595] (**) |   |-->Monitor "<default monitor>"
[ 53281.595] (==) No monitor specified for screen "Default Screen Section".
	Using a default monitor configuration.
[ 53281.595] (**) Allowing byte-swapped clients
[ 53281.595] (==) Automatically adding devices
[ 53281.595] (==) Automatically enabling devices
[ 53281.595] (==) Automatically adding GPU devices
[ 53281.595] (==) Automatically binding GPU devices
[ 53281.595] (==) Max clients allowed: 256, resource mask: 0x1fffff
[ 53281.595] (WW) The directory "/usr/share/fonts/misc" does not exist.
[ 53281.595] 	Entry deleted from font path.
[ 53281.595] (WW) The directory "/usr/share/fonts/OTF" does not exist.
[ 53281.595] 	Entry deleted from font path.
[ 53281.595] (WW) The directory "/usr/share/fonts/Type1" does not exist.
[ 53281.595] 	Entry deleted from font path.
[ 53281.595] (==) FontPath set to:
	/usr/share/fonts/TTF,
	/usr/share/fonts/100dpi,
	/usr/share/fonts/75dpi
[ 53281.595] (==) ModulePath set to "/usr/lib/xorg/modules"
[ 53281.595] (II) The server relies on udev to provide the list of input devices.
	If no devices become available, reconfigure udev or disable AutoAddDevices.
[ 53281.595] (II) Module ABI versions:
[ 53281.595] 	X.Org ANSI C Emulation: 0.4
[ 53281.595] 	X.Org Video Driver: 25.2
[ 53281.595] 	X.Org XInput driver : 24.4
[ 53281.595] 	X.Org Server Extension : 10.0
[ 53281.595] (++) using VT number 3

[ 53281.596] (II) systemd-logind: took control of session /org/freedesktop/login1/session/_38
[ 53281.596] (II) xfree86: Adding drm device (/dev/dri/card1)
[ 53281.596] (II) Platform probe for /sys/devices/pci0000:00/0000:00:01.0/drm/card1
[ 53281.597] (II) systemd-logind: got fd for /dev/dri/card1 226:1 fd 13 paused 0
[ 53281.600] (--) PCI:*(0@0:1:0) 1af4:1050:1af4:1100 rev 1, Mem @ 0xfc000000/8388608, 0x70e0000000/16384, 0xfea14000/4096, BIOS @ 0x????????/131072
[ 53281.600] (WW) Open ACPI failed (/var/run/acpid.socket) (No such file or directory)
[ 53281.600] (II) LoadModule: "glx"
[ 53281.600] (II) Loading /usr/lib/xorg/modules/extensions/libglx.so
[ 53281.601] (II) Module glx: vendor="X.Org Foundation"
[ 53281.601] 	compiled for 1.21.1.15, module version = 1.0.0
[ 53281.601] 	ABI class: X.Org Server Extension, version 10.0
[ 53281.601] (==) Matched modesetting as autoconfigured driver 0
[ 53281.601] (==) Matched fbdev as autoconfigured driver 1
[ 53281.601] (==) Matched vesa as autoconfigured driver 2
[ 53281.601] (==) Assigned the driver to the xf86ConfigLayout
[ 53281.601] (II) LoadModule: "modesetting"
[ 53281.601] (II) Loading /usr/lib/xorg/modules/drivers/modesetting_drv.so
[ 53281.601] (II) Module modesetting: vendor="X.Org Foundation"
[ 53281.601] 	compiled for 1.21.1.15, module version = 1.21.1
[ 53281.601] 	Module class: X.Org Video Driver
[ 53281.601] 	ABI class: X.Org Video Driver, version 25.2
[ 53281.601] (II) LoadModule: "fbdev"
[ 53281.601] (II) Loading /usr/lib/xorg/modules/drivers/fbdev_drv.so
[ 53281.602] (II) Module fbdev: vendor="X.Org Foundation"
[ 53281.602] 	compiled for 1.21.1.14, module version = 0.5.1
[ 53281.602] 	Module class: X.Org Video Driver
[ 53281.602] 	ABI class: X.Org Video Driver, version 25.2
[ 53281.602] (II) LoadModule: "vesa"
[ 53281.602] (II) Loading /usr/lib/xorg/modules/drivers/vesa_drv.so
[ 53281.602] (II) Module vesa: vendor="X.Org Foundation"
[ 53281.602] 	compiled for 1.21.1.11, module version = 2.6.0
[ 53281.602] 	Module class: X.Org Video Driver
[ 53281.602] 	ABI class: X.Org Video Driver, version 25.2
[ 53281.602] (II) modesetting: Driver for Modesetting Kernel Drivers: kms
[ 53281.602] (II) FBDEV: driver for framebuffer: fbdev
[ 53281.602] (II) VESA: driver for VESA chipsets: vesa
[ 53281.602] xf86EnableIO: failed to enable I/O ports 0000-03ff (Operation not permitted)
[ 53281.602] (II) modeset(0): using drv /dev/dri/card1
[ 53281.602] (WW) Falling back to old probe method for fbdev
[ 53281.602] (II) Loading sub module "fbdevhw"
[ 53281.602] (II) LoadModule: "fbdevhw"
[ 53281.602] (II) Loading /usr/lib/xorg/modules/libfbdevhw.so
[ 53281.602] (II) Module fbdevhw: vendor="X.Org Foundation"
[ 53281.602] 	compiled for 1.21.1.15, module version = 0.0.2
[ 53281.602] 	ABI class: X.Org Video Driver, version 25.2
[ 53281.602] (EE) open /dev/fb0: Permission denied
[ 53281.602] (WW) VGA arbiter: cannot open kernel arbiter, no multi-card support
[ 53281.602] (II) modeset(0): Creating default Display subsection in Screen section
	"Default Screen Section" for depth/fbbpp 24/32
[ 53281.602] (==) modeset(0): Depth 24, (==) framebuffer bpp 32
[ 53281.602] (==) modeset(0): RGB weight 888
[ 53281.602] (==) modeset(0): Default visual is TrueColor
[ 53281.602] (II) Loading sub module "glamoregl"
[ 53281.602] (II) LoadModule: "glamoregl"
[ 53281.602] (II) Loading /usr/lib/xorg/modules/libglamoregl.so
[ 53281.605] (II) Module glamoregl: vendor="X.Org Foundation"
[ 53281.605] 	compiled for 1.21.1.15, module version = 1.0.1
[ 53281.605] 	ABI class: X.Org ANSI C Emulation, version 0.4
[ 53281.642] (II) modeset(0): Refusing to try glamor on llvmpipe
[ 53281.643] (II) modeset(0): glamor initialization failed
[ 53281.643] (II) modeset(0): ShadowFB: preferred NO, enabled NO
[ 53281.644] (II) modeset(0): Output Virtual-1 has no monitor section
[ 53281.644] (II) modeset(0): EDID for output Virtual-1
[ 53281.644] (II) modeset(0): Manufacturer: RHT  Model: 1234  Serial#: 0
[ 53281.644] (II) modeset(0): Year: 2014  Week: 42
[ 53281.644] (II) modeset(0): EDID Version: 1.4
[ 53281.644] (II) modeset(0): Digital Display Input
[ 53281.644] (II) modeset(0): 8 bits per channel
[ 53281.644] (II) modeset(0): Digital interface is DisplayPort
[ 53281.644] (II) modeset(0): Max Image Size [cm]: horiz.: 32  vert.: 20
[ 53281.644] (II) modeset(0): Gamma: 2.20
[ 53281.644] (II) modeset(0): No DPMS capabilities specified
[ 53281.644] (II) modeset(0): Supported color encodings: RGB 4:4:4 
[ 53281.644] (II) modeset(0): Default color space is primary color space
[ 53281.644] (II) modeset(0): First detailed timing is preferred mode
[ 53281.644] (II) modeset(0): Preferred mode is native pixel format and refresh rate
[ 53281.644] (II) modeset(0): redX: 0.640 redY: 0.330   greenX: 0.300 greenY: 0.600
[ 53281.644] (II) modeset(0): blueX: 0.150 blueY: 0.060   whiteX: 0.312 whiteY: 0.329
[ 53281.644] (II) modeset(0): Supported established timings:
[ 53281.644] (II) modeset(0): 640x480@60Hz
[ 53281.644] (II) modeset(0): 800x600@60Hz
[ 53281.644] (II) modeset(0): 1024x768@60Hz
[ 53281.644] (II) modeset(0): Manufacturer's mask: 0
[ 53281.644] (II) modeset(0): Supported standard timings:
[ 53281.644] (II) modeset(0): #0: hsize: 2048  vsize 1152  refresh: 60  vid: 49377
[ 53281.644] (II) modeset(0): #1: hsize: 1920  vsize 1080  refresh: 60  vid: 49361
[ 53281.644] (II) modeset(0): #2: hsize: 1920  vsize 1200  refresh: 60  vid: 209
[ 53281.644] (II) modeset(0): #3: hsize: 1600  vsize 1200  refresh: 60  vid: 16553
[ 53281.644] (II) modeset(0): #4: hsize: 1680  vsize 1050  refresh: 60  vid: 179
[ 53281.644] (II) modeset(0): #5: hsize: 1440  vsize 900  refresh: 60  vid: 149
[ 53281.644] (II) modeset(0): #6: hsize: 1280  vsize 1024  refresh: 60  vid: 32897
[ 53281.644] (II) modeset(0): #7: hsize: 1280  vsize 960  refresh: 60  vid: 16513
[ 53281.644] (II) modeset(0): Supported detailed timing:
[ 53281.644] (II) modeset(0): clock: 107.3 MHz   Image Size:  325 x 203 mm
[ 53281.644] (II) modeset(0): h_active: 1280  h_sync: 1600  h_sync_end 1638 h_blank_end 1728 h_border: 0
[ 53281.644] (II) modeset(0): v_active: 800  v_sync: 804  v_sync_end 808 v_blanking: 828 v_border: 0
[ 53281.644] (II) modeset(0): Established timings III: (not decoded)
[ 53281.644] (II) modeset(0): Ranges: V min: 50 V max: 125 Hz, H min: 30 H max: 160 kHz,
[ 53281.644] (II) modeset(0): Monitor name: QEMU Monitor
[ 53281.644] (II) modeset(0): Number of EDID sections to follow: 1
[ 53281.644] (II) modeset(0): EDID (in hex):
[ 53281.644] (II) modeset(0): 	00ffffffffffff004914341200000000
[ 53281.644] (II) modeset(0): 	2a180104a520147806ee91a3544c9926
[ 53281.644] (II) modeset(0): 	0f5054210800e1c0d1c0d100a940b300
[ 53281.644] (II) modeset(0): 	950081808140ea2900c051201c304026
[ 53281.644] (II) modeset(0): 	444045cb10000018000000f7000a0040
[ 53281.644] (II) modeset(0): 	82002820000000000000000000fd0032
[ 53281.644] (II) modeset(0): 	7d1ea0ff010a202020202020000000fc
[ 53281.644] (II) modeset(0): 	0051454d55204d6f6e69746f720a013a
[ 53281.644] (II) modeset(0): 	02030b00467d6560591f610000001000
[ 53281.644] (II) modeset(0): 	00000000000000000000000000000000
[ 53281.644] (II) modeset(0): 	10000000000000000000000000000000
[ 53281.644] (II) modeset(0): 	00001000000000000000000000000000
[ 53281.644] (II) modeset(0): 	00000000100000000000000000000000
[ 53281.644] (II) modeset(0): 	00000000000010000000000000000000
[ 53281.644] (II) modeset(0): 	00000000000000001000000000000000
[ 53281.644] (II) modeset(0): 	0000000000000000000000000000002f
[ 53281.644] (II) modeset(0): Printing probed modes for output Virtual-1
[ 53281.644] (II) modeset(0): Modeline "1280x800"x75.0  107.30  1280 1600 1638 1728  800 804 808 828 -hsync -vsync (62.1 kHz eP)
[ 53281.644] (II) modeset(0): Modeline "5120x2160"x50.0  742.50  5120 6216 6304 6600  2160 2168 2178 2250 +hsync +vsync (112.5 kHz e)
[ 53281.644] (II) modeset(0): Modeline "4096x2160"x50.0  594.00  4096 5064 5152 5280  2160 2168 2178 2250 +hsync +vsync (112.5 kHz e)
[ 53281.644] (II) modeset(0): Modeline "3840x2160"x60.0  594.00  3840 4016 4104 4400  2160 2168 2178 2250 +hsync +vsync (135.0 kHz e)
[ 53281.644] (II) modeset(0): Modeline "3840x2160"x50.0  594.00  3840 4896 4984 5280  2160 2168 2178 2250 +hsync +vsync (112.5 kHz e)
[ 53281.644] (II) modeset(0): Modeline "3840x2160"x59.9  593.41  3840 4016 4104 4400  2160 2168 2178 2250 +hsync +vsync (134.9 kHz e)
[ 53281.644] (II) modeset(0): Modeline "1920x1440"x60.0  234.00  1920 2048 2256 2600  1440 1441 1444 1500 -hsync +vsync (90.0 kHz e)
[ 53281.644] (II) modeset(0): Modeline "2560x1080"x50.0  185.62  2560 3108 3152 3300  1080 1084 1089 1125 +hsync +vsync (56.2 kHz e)
[ 53281.644] (II) modeset(0): Modeline "1856x1392"x60.0  218.25  1856 1952 2176 2528  1392 1393 1396 1439 -hsync +vsync (86.3 kHz e)
[ 53281.644] (II) modeset(0): Modeline "1792x1344"x60.0  204.75  1792 1920 2120 2448  1344 1345 1348 1394 -hsync +vsync (83.6 kHz e)
[ 53281.644] (II) modeset(0): Modeline "2048x1152"x60.0  162.00  2048 2074 2154 2250  1152 1153 1156 1200 +hsync +vsync (72.0 kHz e)
[ 53281.644] (II) modeset(0): Modeline "1920x1200"x59.9  193.25  1920 2056 2256 2592  1200 1203 1209 1245 -hsync +vsync (74.6 kHz e)
[ 53281.644] (II) modeset(0): Modeline "1920x1080"x60.0  148.50  1920 2008 2052 2200  1080 1084 1089 1125 -hsync -vsync (67.5 kHz e)
[ 53281.644] (II) modeset(0): Modeline "1920x1080"x50.0  148.50  1920 2448 2492 2640  1080 1084 1089 1125 +hsync +vsync (56.2 kHz e)
[ 53281.644] (II) modeset(0): Modeline "1600x1200"x60.0  162.00  1600 1664 1856 2160  1200 1201 1204 1250 +hsync +vsync (75.0 kHz e)
[ 53281.644] (II) modeset(0): Modeline "1680x1050"x60.0  146.25  1680 1784 1960 2240  1050 1053 1059 1089 -hsync +vsync (65.3 kHz e)
[ 53281.644] (II) modeset(0): Modeline "1400x1050"x60.0  121.75  1400 1488 1632 1864  1050 1053 1057 1089 -hsync +vsync (65.3 kHz e)
[ 53281.644] (II) modeset(0): Modeline "1280x1024"x60.0  108.00  1280 1328 1440 1688  1024 1025 1028 1066 +hsync +vsync (64.0 kHz e)
[ 53281.644] (II) modeset(0): Modeline "1440x900"x59.9  106.50  1440 1520 1672 1904  900 903 909 934 -hsync +vsync (55.9 kHz e)
[ 53281.644] (II) modeset(0): Modeline "1280x960"x60.0  108.00  1280 1376 1488 1800  960 961 964 1000 +hsync +vsync (60.0 kHz e)
[ 53281.644] (II) modeset(0): Modeline "1360x768"x60.0   85.50  1360 1424 1536 1792  768 771 777 795 +hsync +vsync (47.7 kHz e)
[ 53281.644] (II) modeset(0): Modeline "1280x768"x59.9   79.50  1280 1344 1472 1664  768 771 778 798 -hsync +vsync (47.8 kHz e)
[ 53281.644] (II) modeset(0): Modeline "1024x768"x60.0   65.00  1024 1048 1184 1344  768 771 777 806 -hsync -vsync (48.4 kHz e)
[ 53281.644] (II) modeset(0): Modeline "800x600"x60.3   40.00  800 840 968 1056  600 601 605 628 +hsync +vsync (37.9 kHz e)
[ 53281.644] (II) modeset(0): Modeline "640x480"x60.0   25.20  640 656 752 800  480 490 492 525 -hsync -vsync (31.5 kHz e)
[ 53281.644] (II) modeset(0): Modeline "640x480"x59.9   25.18  640 656 752 800  480 490 492 525 -hsync -vsync (31.5 kHz e)
[ 53281.644] (II) modeset(0): Output Virtual-1 connected
[ 53281.644] (II) modeset(0): Using exact sizes for initial modes
[ 53281.644] (II) modeset(0): Output Virtual-1 using initial mode 1280x800 +0+0
[ 53281.644] (==) modeset(0): Using gamma correction (1.0, 1.0, 1.0)
[ 53281.644] (==) modeset(0): DPI set to (96, 96)
[ 53281.644] (II) Loading sub module "fb"
[ 53281.644] (II) LoadModule: "fb"
[ 53281.644] (II) Module "fb" already built-in
[ 53281.644] (II) UnloadModule: "fbdev"
[ 53281.644] (II) Unloading fbdev
[ 53281.644] (II) UnloadSubModule: "fbdevhw"
[ 53281.644] (II) Unloading fbdevhw
[ 53281.644] (II) UnloadModule: "vesa"
[ 53281.644] (II) Unloading vesa
[ 53281.645] (==) modeset(0): Backing store enabled
[ 53281.645] (==) modeset(0): Silken mouse enabled
[ 53281.645] (II) modeset(0): Initializing kms color map for depth 24, 8 bpc.
[ 53281.645] (==) modeset(0): DPMS enabled
[ 53281.645] (II) Initializing extension Generic Event Extension
[ 53281.645] (II) Initializing extension SHAPE
[ 53281.645] (II) Initializing extension MIT-SHM
[ 53281.645] (II) Initializing extension XInputExtension
[ 53281.646] (II) Initializing extension XTEST
[ 53281.646] (II) Initializing extension BIG-REQUESTS
[ 53281.646] (II) Initializing extension SYNC
[ 53281.646] (II) Initializing extension XKEYBOARD
[ 53281.646] (II) Initializing extension XC-MISC
[ 53281.646] (II) Initializing extension SECURITY
[ 53281.646] (II) Initializing extension XFIXES
[ 53281.646] (II) Initializing extension RENDER
[ 53281.646] (II) Initializing extension RANDR
[ 53281.646] (II) Initializing extension COMPOSITE
[ 53281.646] (II) Initializing extension DAMAGE
[ 53281.646] (II) Initializing extension MIT-SCREEN-SAVER
[ 53281.646] (II) Initializing extension DOUBLE-BUFFER
[ 53281.647] (II) Initializing extension RECORD
[ 53281.647] (II) Initializing extension DPMS
[ 53281.647] (II) Initializing extension Present
[ 53281.647] (II) Initializing extension DRI3
[ 53281.647] (II) Initializing extension X-Resource
[ 53281.647] (II) Initializing extension XVideo
[ 53281.647] (II) Initializing extension XVideo-MotionCompensation
[ 53281.647] (II) Initializing extension GLX
[ 53281.647] (II) AIGLX: Screen 0 is not DRI2 capable
[ 53281.652] (II) IGLX: Loaded and initialized swrast
[ 53281.652] (II) GLX: Initialized DRISWRAST GL provider for screen 0
[ 53281.652] (II) Initializing extension XFree86-VidModeExtension
[ 53281.652] (II) Initializing extension XFree86-DGA
[ 53281.652] (II) Initializing extension XFree86-DRI
[ 53281.652] (II) Initializing extension DRI2
[ 53281.652] (II) modeset(0): Damage tracking initialized
[ 53281.652] (II) modeset(0): Setting screen physical size to 338 x 211
[ 53281.688] (II) config/udev: Adding input device Power Button (/dev/input/event0)
[ 53281.688] (**) Power Button: Applying InputClass "evdev keyboard catchall"
[ 53281.688] (**) Power Button: Applying InputClass "libinput keyboard catchall"
[ 53281.688] (II) LoadModule: "libinput"
[ 53281.688] (II) Loading /usr/lib/xorg/modules/input/libinput_drv.so
[ 53281.689] (II) Module libinput: vendor="X.Org Foundation"
[ 53281.689] 	compiled for 1.21.1.13, module version = 1.5.0
[ 53281.689] 	Module class: X.Org XInput Driver
[ 53281.689] 	ABI class: X.Org XInput driver, version 24.4
[ 53281.689] (II) Using input driver 'libinput' for 'Power Button'
[ 53281.690] (II) systemd-logind: got fd for /dev/input/event0 13:64 fd 27 paused 0
[ 53281.690] (**) Power Button: always reports core events
[ 53281.690] (**) Option "Device" "/dev/input/event0"
[ 53281.691] (II) event0  - Power Button: is tagged by udev as: Keyboard
[ 53281.691] (II) event0  - Power Button: device is a keyboard
[ 53281.691] (II) event0  - Power Button: device removed
[ 53281.691] (**) Option "config_info" "udev:/sys/devices/LNXSYSTM:00/LNXPWRBN:00/input/input0/event0"
[ 53281.691] (II) XINPUT: Adding extended input device "Power Button" (type: KEYBOARD, id 6)
[ 53281.692] (II) event0  - Power Button: is tagged by udev as: Keyboard
[ 53281.692] (II) event0  - Power Button: device is a keyboard
[ 53281.692] (II) config/udev: Adding input device QEMU QEMU USB Tablet (/dev/input/event3)
[ 53281.692] (**) QEMU QEMU USB Tablet: Applying InputClass "evdev pointer catchall"
[ 53281.692] (**) QEMU QEMU USB Tablet: Applying InputClass "libinput pointer catchall"
[ 53281.692] (II) Using input driver 'libinput' for 'QEMU QEMU USB Tablet'
[ 53281.858] (II) systemd-logind: got fd for /dev/input/event3 13:67 fd 30 paused 0
[ 53281.858] (**) QEMU QEMU USB Tablet: always reports core events
[ 53281.858] (**) Option "Device" "/dev/input/event3"
[ 53281.862] (II) event3  - QEMU QEMU USB Tablet: is tagged by udev as: Mouse
[ 53281.863] (II) event3  - QEMU QEMU USB Tablet: device is a pointer
[ 53281.863] (II) event3  - QEMU QEMU USB Tablet: device removed
[ 53281.863] (**) Option "config_info" "udev:/sys/devices/pci0000:00/0000:00:02.1/0000:02:00.0/usb1/1-1/1-1:1.0/0003:0627:0001.0001/input/input4/event3"
[ 53281.863] (II) XINPUT: Adding extended input device "QEMU QEMU USB Tablet" (type: MOUSE, id 7)
[ 53281.863] (**) Option "AccelerationScheme" "none"
[ 53281.863] (**) QEMU QEMU USB Tablet: (accel) selected scheme none/0
[ 53281.863] (**) QEMU QEMU USB Tablet: (accel) acceleration factor: 2.000
[ 53281.863] (**) QEMU QEMU USB Tablet: (accel) acceleration threshold: 4
[ 53281.866] (II) event3  - QEMU QEMU USB Tablet: is tagged by udev as: Mouse
[ 53281.867] (II) event3  - QEMU QEMU USB Tablet: device is a pointer
[ 53281.869] (II) config/udev: Adding input device QEMU QEMU USB Tablet (/dev/input/mouse0)
[ 53281.869] (II) No input driver specified, ignoring this device.
[ 53281.869] (II) This device may have been added with another device file.
[ 53281.870] (II) config/udev: Adding input device AT Translated Set 2 keyboard (/dev/input/event1)
[ 53281.870] (**) AT Translated Set 2 keyboard: Applying InputClass "evdev keyboard catchall"
[ 53281.870] (**) AT Translated Set 2 keyboard: Applying InputClass "libinput keyboard catchall"
[ 53281.870] (II) Using input driver 'libinput' for 'AT Translated Set 2 keyboard'
[ 53281.872] (II) systemd-logind: got fd for /dev/input/event1 13:65 fd 31 paused 0
[ 53281.872] (**) AT Translated Set 2 keyboard: always reports core events
[ 53281.872] (**) Option "Device" "/dev/input/event1"
[ 53281.874] (II) event1  - AT Translated Set 2 keyboard: is tagged by udev as: Keyboard
[ 53281.874] (II) event1  - AT Translated Set 2 keyboard: device is a keyboard
[ 53281.875] (II) event1  - AT Translated Set 2 keyboard: device removed
[ 53281.875] (**) Option "config_info" "udev:/sys/devices/platform/i8042/serio0/input/input1/event1"
[ 53281.875] (II) XINPUT: Adding extended input device "AT Translated Set 2 keyboard" (type: KEYBOARD, id 8)
[ 53281.875] (II) event1  - AT Translated Set 2 keyboard: is tagged by udev as: Keyboard
[ 53281.875] (II) event1  - AT Translated Set 2 keyboard: device is a keyboard
[ 53281.876] (II) config/udev: Adding input device ImExPS/2 Generic Explorer Mouse (/dev/input/event4)
[ 53281.876] (**) ImExPS/2 Generic Explorer Mouse: Applying InputClass "evdev pointer catchall"
[ 53281.876] (**) ImExPS/2 Generic Explorer Mouse: Applying InputClass "libinput pointer catchall"
[ 53281.876] (II) Using input driver 'libinput' for 'ImExPS/2 Generic Explorer Mouse'
[ 53281.876] (II) systemd-logind: got fd for /dev/input/event4 13:68 fd 32 paused 0
[ 53281.876] (**) ImExPS/2 Generic Explorer Mouse: always reports core events
[ 53281.876] (**) Option "Device" "/dev/input/event4"
[ 53281.877] (II) event4  - ImExPS/2 Generic Explorer Mouse: is tagged by udev as: Mouse
[ 53281.877] (II) event4  - ImExPS/2 Generic Explorer Mouse: device is a pointer
[ 53281.877] (II) event4  - ImExPS/2 Generic Explorer Mouse: device removed
[ 53281.877] (II) libinput: ImExPS/2 Generic Explorer Mouse: Step value 0 was provided, libinput Fallback acceleration function is used.
[ 53281.877] (II) libinput: ImExPS/2 Generic Explorer Mouse: Step value 0 was provided, libinput Fallback acceleration function is used.
[ 53281.877] (II) libinput: ImExPS/2 Generic Explorer Mouse: Step value 0 was provided, libinput Fallback acceleration function is used.
[ 53281.877] (**) Option "config_info" "udev:/sys/devices/platform/i8042/serio1/input/input5/event4"
[ 53281.877] (II) XINPUT: Adding extended input device "ImExPS/2 Generic Explorer Mouse" (type: MOUSE, id 9)
[ 53281.878] (**) Option "AccelerationScheme" "none"
[ 53281.878] (**) ImExPS/2 Generic Explorer Mouse: (accel) selected scheme none/0
[ 53281.878] (**) ImExPS/2 Generic Explorer Mouse: (accel) acceleration factor: 2.000
[ 53281.878] (**) ImExPS/2 Generic Explorer Mouse: (accel) acceleration threshold: 4
[ 53281.878] (II) event4  - ImExPS/2 Generic Explorer Mouse: is tagged by udev as: Mouse
[ 53281.879] (II) event4  - ImExPS/2 Generic Explorer Mouse: device is a pointer
[ 53281.879] (II) config/udev: Adding input device ImExPS/2 Generic Explorer Mouse (/dev/input/mouse1)
[ 53281.879] (II) No input driver specified, ignoring this device.
[ 53281.879] (II) This device may have been added with another device file.
[ 53281.879] (II) config/udev: Adding input device PC Speaker (/dev/input/event2)
[ 53281.879] (II) No input driver specified, ignoring this device.
[ 53281.879] (II) This device may have been added with another device file.
[ 53281.903] (II) modeset(0): EDID vendor "RHT", prod id 4660
[ 53281.903] (II) modeset(0): Using EDID range info for horizontal sync
[ 53281.903] (II) modeset(0): Using EDID range info for vertical refresh
[ 53281.903] (II) modeset(0): Printing DDC gathered Modelines:
[ 53281.903] (II) modeset(0): Modeline "1280x800"x0.0  107.30  1280 1600 1638 1728  800 804 808 828 -hsync -vsync (62.1 kHz eP)
[ 53281.903] (II) modeset(0): Modeline "1280x768"x0.0   79.50  1280 1344 1472 1664  768 771 778 798 -hsync +vsync (47.8 kHz e)
[ 53281.903] (II) modeset(0): Modeline "1360x768"x0.0   85.50  1360 1424 1536 1792  768 771 777 795 +hsync +vsync (47.7 kHz e)
[ 53281.903] (II) modeset(0): Modeline "1400x1050"x0.0  121.75  1400 1488 1632 1864  1050 1053 1057 1089 -hsync +vsync (65.3 kHz e)
[ 53281.903] (II) modeset(0): Modeline "1792x1344"x0.0  204.75  1792 1920 2120 2448  1344 1345 1348 1394 -hsync +vsync (83.6 kHz e)
[ 53281.903] (II) modeset(0): Modeline "1856x1392"x0.0  218.25  1856 1952 2176 2528  1392 1393 1396 1439 -hsync +vsync (86.3 kHz e)
[ 53281.903] (II) modeset(0): Modeline "1920x1440"x0.0  234.00  1920 2048 2256 2600  1440 1441 1444 1500 -hsync +vsync (90.0 kHz e)
[ 53281.903] (II) modeset(0): Modeline "1920x1080"x0.0  148.50  1920 2448 2492 2640  1080 1084 1089 1125 +hsync +vsync (56.2 kHz e)
[ 53281.903] (II) modeset(0): Modeline "800x600"x0.0   40.00  800 840 968 1056  600 601 605 628 +hsync +vsync (37.9 kHz e)
[ 53281.903] (II) modeset(0): Modeline "640x480"x0.0   25.18  640 656 752 800  480 490 492 525 -hsync -vsync (31.5 kHz e)
[ 53281.903] (II) modeset(0): Modeline "1024x768"x0.0   65.00  1024 1048 1184 1344  768 771 777 806 -hsync -vsync (48.4 kHz e)
[ 53281.903] (II) modeset(0): Modeline "2048x1152"x60.0  197.97  2048 2184 2408 2768  1152 1153 1156 1192 -hsync +vsync (71.5 kHz e)
[ 53281.903] (II) modeset(0): Modeline "1920x1080"x60.0  172.80  1920 2040 2248 2576  1080 1081 1084 1118 -hsync +vsync (67.1 kHz e)
[ 53281.903] (II) modeset(0): Modeline "1920x1200"x0.0  193.25  1920 2056 2256 2592  1200 1203 1209 1245 -hsync +vsync (74.6 kHz e)
[ 53281.903] (II) modeset(0): Modeline "1600x1200"x0.0  162.00  1600 1664 1856 2160  1200 1201 1204 1250 +hsync +vsync (75.0 kHz e)
[ 53281.903] (II) modeset(0): Modeline "1680x1050"x0.0  146.25  1680 1784 1960 2240  1050 1053 1059 1089 -hsync +vsync (65.3 kHz e)
[ 53281.903] (II) modeset(0): Modeline "1440x900"x0.0  106.50  1440 1520 1672 1904  900 903 909 934 -hsync +vsync (55.9 kHz e)
[ 53281.903] (II) modeset(0): Modeline "1280x1024"x0.0  108.00  1280 1328 1440 1688  1024 1025 1028 1066 +hsync +vsync (64.0 kHz e)
[ 53281.903] (II) modeset(0): Modeline "1280x960"x0.0  108.00  1280 1376 1488 1800  960 961 964 1000 +hsync +vsync (60.0 kHz e)
[ 53281.904] (II) modeset(0): Allocate new frame buffer 1920x1080 stride
[ 68341.571] (**) Option "fd" "27"
[ 68341.571] (II) event0  - Power Button: device removed
[ 68341.571] (**) Option "fd" "30"
[ 68341.571] (II) event3  - QEMU QEMU USB Tablet: device removed
[ 68341.571] (**) Option "fd" "31"
[ 68341.571] (II) event1  - AT Translated Set 2 keyboard: device removed
[ 68341.572] (**) Option "fd" "32"
[ 68341.572] (II) event4  - ImExPS/2 Generic Explorer Mouse: device removed
[ 68341.572] (II) UnloadModule: "libinput"
[ 68341.572] (II) systemd-logind: releasing fd for 13:68
[ 68341.573] (II) UnloadModule: "libinput"
[ 68341.573] (II) systemd-logind: releasing fd for 13:65
[ 68341.574] (II) UnloadModule: "libinput"
[ 68341.574] (II) systemd-logind: releasing fd for 13:67
[ 68341.574] (II) UnloadModule: "libinput"
[ 68341.574] (II) systemd-logind: releasing fd for 13:64
[ 68341.588] (II) Server terminated successfully (0). Closing log file.
