CopyQ Warning [2025-01-24 11:38:59.598] <Server-6145>: [default] QtWarning: QSystemTrayIcon::setVisible: No Icon set
CopyQ Warning [2025-01-24 11:38:59.750] <Server-6145>: [qt.qpa.xcb] QtWarning: Unhandled client message:  "_NET_WM_NAME"
CopyQ Warning [2025-01-24 11:38:59.761] <Server-6145>: [qt.qpa.xcb] QtWarning: Unhandled client message:  "_NET_WM_NAME"
CopyQ Warning [2025-01-24 11:38:59.768] <Server-6145>: [qt.qpa.xcb] QtWarning: Unhandled client message:  "_NET_WM_NAME"
CopyQ Warning [2025-01-24 11:38:59.774] <Server-6145>: [qt.qpa.xcb] QtWarning: Unhandled client message:  "_NET_WM_NAME"
CopyQ Warning [2025-01-24 11:40:24.004] <monitorClipboard-6186>: [default] QtWarning: The X11 connection broke (error 1). Did the X11 server die?
CopyQ Warning [2025-01-24 11:40:24.006] <Server-6145>: [default] QtWarning: The X11 connection broke (error 1). Did the X11 server die?
CopyQ Warning [2025-01-24 11:40:28.424] <Server-6289>: [default] QtWarning: QSystemTrayIcon::setVisible: No Icon set
CopyQ Warning [2025-01-24 11:40:28.557] <Server-6289>: [qt.qpa.xcb] QtWarning: Unhandled client message:  "_NET_WM_NAME"
CopyQ Warning [2025-01-24 11:40:28.569] <Server-6289>: [qt.qpa.xcb] QtWarning: Unhandled client message:  "_NET_WM_NAME"
CopyQ Warning [2025-01-24 11:40:28.578] <Server-6289>: [qt.qpa.xcb] QtWarning: Unhandled client message:  "_NET_WM_NAME"
CopyQ Warning [2025-01-24 11:40:28.584] <Server-6289>: [qt.qpa.xcb] QtWarning: Unhandled client message:  "_NET_WM_NAME"
CopyQ Warning [2025-01-25 08:34:27.953] <Server-6289>: [default] QtWarning: The X11 connection broke (error 1). Did the X11 server die?
CopyQ Warning [2025-01-25 08:34:27.982] <monitorClipboard-6329>: [default] QtWarning: The X11 connection broke (error 1). Did the X11 server die?
CopyQ Warning [2025-01-25 08:45:17.509] <Server-8785>: [default] QtWarning: The X11 connection broke (error 1). Did the X11 server die?
CopyQ Warning [2025-01-25 08:45:17.549] <monitorClipboard-8870>: [default] QtWarning: The X11 connection broke (error 1). Did the X11 server die?
CopyQ Warning [2025-01-25 08:45:22.963] <Server-9038>: [default] QtWarning: QSystemTrayIcon::setVisible: No Icon set
CopyQ Warning [2025-01-25 08:45:23.143] <Server-9038>: [qt.qpa.xcb] QtWarning: Unhandled client message:  "_NET_WM_NAME"
CopyQ Warning [2025-01-25 08:45:23.150] <Server-9038>: [qt.qpa.xcb] QtWarning: Unhandled client message:  "_NET_WM_NAME"
CopyQ Warning [2025-01-25 08:45:23.159] <Server-9038>: [qt.qpa.xcb] QtWarning: Unhandled client message:  "_NET_WM_NAME"
CopyQ Warning [2025-01-25 08:45:23.166] <Server-9038>: [qt.qpa.xcb] QtWarning: Unhandled client message:  "_NET_WM_NAME"
CopyQ Warning [2025-01-25 08:50:21.609] <Server-9038>: [default] QtWarning: The X11 connection broke (error 1). Did the X11 server die?
CopyQ Warning [2025-01-25 08:50:21.639] <monitorClipboard-9080>: [default] QtWarning: The X11 connection broke (error 1). Did the X11 server die?
CopyQ Warning [2025-01-25 08:50:28.970] <Server-9283>: [default] QtWarning: QSystemTrayIcon::setVisible: No Icon set
CopyQ Warning [2025-01-25 08:50:29.129] <Server-9283>: [qt.qpa.xcb] QtWarning: Unhandled client message:  "_NET_WM_NAME"
CopyQ Warning [2025-01-25 08:50:29.139] <Server-9283>: [qt.qpa.xcb] QtWarning: Unhandled client message:  "_NET_WM_NAME"
CopyQ Warning [2025-01-25 08:50:29.145] <Server-9283>: [qt.qpa.xcb] QtWarning: Unhandled client message:  "_NET_WM_NAME"
CopyQ Warning [2025-01-25 08:50:29.150] <Server-9283>: [qt.qpa.xcb] QtWarning: Unhandled client message:  "_NET_WM_NAME"
CopyQ Warning [2025-01-25 09:25:51.520] <Server-9283>: [default] QtWarning: The X11 connection broke (error 1). Did the X11 server die?
CopyQ Warning [2025-01-25 09:25:51.564] <monitorClipboard-9325>: [default] QtWarning: The X11 connection broke (error 1). Did the X11 server die?
CopyQ Warning [2025-01-25 09:25:56.812] <Server-99887>: [default] QtWarning: QSystemTrayIcon::setVisible: No Icon set
CopyQ Warning [2025-01-25 09:25:56.963] <Server-99887>: [qt.qpa.xcb] QtWarning: Unhandled client message:  "_NET_WM_NAME"
CopyQ Warning [2025-01-25 09:25:56.969] <Server-99887>: [qt.qpa.xcb] QtWarning: Unhandled client message:  "_NET_WM_NAME"
CopyQ Warning [2025-01-25 09:25:56.978] <Server-99887>: [qt.qpa.xcb] QtWarning: Unhandled client message:  "_NET_WM_NAME"
CopyQ Warning [2025-01-25 09:25:56.984] <Server-99887>: [qt.qpa.xcb] QtWarning: Unhandled client message:  "_NET_WM_NAME"
CopyQ Warning [2025-01-25 09:43:36.560] <Server-99887>: [default] QtWarning: The X11 connection broke: I/O error (code 1)
CopyQ Warning [2025-01-25 09:43:36.591] <monitorClipboard-99929>: [default] QtWarning: The X11 connection broke (error 1). Did the X11 server die?
CopyQ Warning [2025-01-25 09:43:42.812] <Server-100464>: [default] QtWarning: QSystemTrayIcon::setVisible: No Icon set
CopyQ Warning [2025-01-25 09:43:42.979] <Server-100464>: [qt.qpa.xcb] QtWarning: Unhandled client message:  "_NET_WM_NAME"
CopyQ Warning [2025-01-25 09:43:42.985] <Server-100464>: [qt.qpa.xcb] QtWarning: Unhandled client message:  "_NET_WM_NAME"
CopyQ Warning [2025-01-25 09:43:42.991] <Server-100464>: [qt.qpa.xcb] QtWarning: Unhandled client message:  "_NET_WM_NAME"
CopyQ Warning [2025-01-25 09:43:42.996] <Server-100464>: [qt.qpa.xcb] QtWarning: Unhandled client message:  "_NET_WM_NAME"
CopyQ Warning [2025-01-25 09:55:51.742] <monitorClipboard-100506>: [default] QtWarning: The X11 connection broke (error 1). Did the X11 server die?
CopyQ Note [2025-01-25 09:55:51.788] <Server-100464>: Command "copyq --clipboard-access monitorClipboard"
CopyQ Note [2025-01-25 09:55:51.788] <Server-100464>:    Exit code: 1
CopyQ Note [2025-01-25 09:55:51.788] <Server-100464>:    1. copyq --clipboard-access monitorClipboard
CopyQ Warning [2025-01-25 09:55:51.809] <Server-100464>: [default] QtWarning: The X11 connection broke (error 1). Did the X11 server die?
CopyQ ERROR [2025-01-25 09:55:52.886] <Client-100617>: Cannot connect to server! Start CopyQ server first.
CopyQ Warning [2025-01-25 09:55:58.905] <Server-100698>: [default] QtWarning: QSystemTrayIcon::setVisible: No Icon set
CopyQ Warning [2025-01-25 09:55:59.072] <Server-100698>: [qt.qpa.xcb] QtWarning: Unhandled client message:  "_NET_WM_NAME"
CopyQ Warning [2025-01-25 09:55:59.081] <Server-100698>: [qt.qpa.xcb] QtWarning: Unhandled client message:  "_NET_WM_NAME"
CopyQ Warning [2025-01-25 09:55:59.087] <Server-100698>: [qt.qpa.xcb] QtWarning: Unhandled client message:  "_NET_WM_NAME"
CopyQ Warning [2025-01-25 09:55:59.093] <Server-100698>: [qt.qpa.xcb] QtWarning: Unhandled client message:  "_NET_WM_NAME"
CopyQ Warning [2025-01-25 10:03:10.212] <Server-100698>: [default] QtWarning: The X11 connection broke (error 1). Did the X11 server die?
CopyQ Warning [2025-01-25 10:03:10.218] <monitorClipboard-100740>: [default] QtWarning: The X11 connection broke (error 1). Did the X11 server die?
CopyQ Warning [2025-01-25 10:20:40.826] <monitorClipboard-100984>: [default] QtWarning: The X11 connection broke (error 1). Did the X11 server die?
CopyQ Warning [2025-01-25 10:20:40.916] <Server-100899>: [default] QtWarning: The X11 connection broke: I/O error (code 1)
CopyQ Warning [2025-01-25 10:42:21.251] <Server-101175>: [default] QtWarning: The X11 connection broke (error 1). Did the X11 server die?
CopyQ Warning [2025-01-25 10:42:21.252] <monitorClipboard-101260>: [default] QtWarning: The X11 connection broke (error 1). Did the X11 server die?
CopyQ Warning [2025-01-25 10:44:28.014] <monitorClipboard-101542>: [default] QtWarning: The X11 connection broke (error 1). Did the X11 server die?
CopyQ Warning [2025-01-25 10:44:28.116] <Server-101457>: [default] QtWarning: The X11 connection broke: I/O error (code 1)
CopyQ Warning [2025-01-25 11:16:31.679] <Server-101705>: [default] QtWarning: The X11 connection broke (error 1). Did the X11 server die?
CopyQ Warning [2025-01-25 11:16:31.679] <monitorClipboard-101791>: [default] QtWarning: The X11 connection broke (error 1). Did the X11 server die?
CopyQ Warning [2025-01-25 13:35:33.436] <monitorClipboard-110466>: [default] QtWarning: The X11 connection broke (error 1). Did the X11 server die?
CopyQ Warning [2025-01-25 13:35:33.514] <Server-110381>: [default] QtWarning: The X11 connection broke: I/O error (code 1)
CopyQ Warning [2025-01-26 08:15:12.865] <monitorClipboard-111602>: [default] QtWarning: The X11 connection broke (error 1). Did the X11 server die?
CopyQ Warning [2025-01-26 08:15:13.398] <Server-111518>: [default] QtWarning: The X11 connection broke: I/O error (code 1)
CopyQ Warning [2025-01-26 08:23:51.563] <monitorClipboard-116421>: [default] QtWarning: The X11 connection broke (error 1). Did the X11 server die?
CopyQ Warning [2025-01-26 08:23:51.665] <Server-116336>: [default] QtWarning: The X11 connection broke: I/O error (code 1)
CopyQ Warning [2025-01-26 08:25:11.972] <monitorClipboard-117102>: [default] QtWarning: The X11 connection broke (error 1). Did the X11 server die?
CopyQ Warning [2025-01-26 08:25:12.120] <Server-117017>: [default] QtWarning: The X11 connection broke: I/O error (code 1)
CopyQ Warning [2025-01-28 01:46:20.091] <monitorClipboard-707>: [default] QtWarning: The X11 connection broke (error 1). Did the X11 server die?
CopyQ Warning [2025-01-28 01:46:20.604] <Server-583>: [default] QtWarning: The X11 connection broke: I/O error (code 1)
CopyQ Warning [2025-01-28 01:49:01.867] <monitorClipboard-12874>: [default] QtWarning: The X11 connection broke (error 1). Did the X11 server die?
CopyQ Warning [2025-01-28 01:49:02.372] <Server-12793>: [default] QtWarning: The X11 connection broke: I/O error (code 1)
CopyQ Warning [2025-02-01 07:25:20.392] <Server-13113>: [default] QtWarning: The X11 connection broke (error 1). Did the X11 server die?
CopyQ Warning [2025-02-01 07:25:20.426] <monitorClipboard-13197>: [default] QtWarning: The X11 connection broke (error 1). Did the X11 server die?
CopyQ Warning [2025-02-01 07:37:21.758] <monitorClipboard-30000>: [default] QtWarning: The X11 connection broke (error 1). Did the X11 server die?
CopyQ Warning [2025-02-01 07:37:22.271] <Server-29919>: [default] QtWarning: The X11 connection broke: I/O error (code 1)
CopyQ Warning [2025-02-01 07:42:46.136] <Server-30680>: [default] QtWarning: The X11 connection broke (error 1). Did the X11 server die?
CopyQ Warning [2025-02-01 07:42:46.144] <monitorClipboard-30761>: [default] QtWarning: The X11 connection broke (error 1). Did the X11 server die?
